Logfile initialized
[INFO] logfile = /Development/TitaniumStudio/AndroidGenteSaludable_BIND/build.log
[DEBUG] /Users/pollo/Library/Application Support/Titanium/mobilesdk/osx/2.1.2.GA/android/builder.py simulator QiproBlogAndroid /Users/pollo/Documents/android-sdk-macosx /Development/TitaniumStudio/AndroidGenteSaludable_BIND org.qipro.android 8 WVGA854 
[INFO] Building QiproBlogAndroid for Android ... one moment
[INFO] Titanium SDK version: 2.1.2 (08/24/12 14:46 ed7f777)
[DEBUG] Waiting for device to be ready ...
[TRACE] adb devices returned 2 devices/emulators
[DEBUG] Device connected... (waited 0 seconds)
[DEBUG] waited 0.052755 seconds on emulator to get ready
[DEBUG] org.qipro.android installed? True
[INFO] Fastdev server running, deploying in Fastdev mode
[INFO] Copying CommonJS modules...
[INFO] Copying project resources..
[INFO] Detected change in tiapp.xml, or assets deleted. Forcing full re-build...
[TRACE] COPYING CREATED FILE: /Development/TitaniumStudio/AndroidGenteSaludable_BIND/Resources/android/appicon.png => /Development/TitaniumStudio/AndroidGenteSaludable_BIND/build/android/bin/assets/Resources/appicon.png
[TRACE] COPYING CREATED FILE: /Development/TitaniumStudio/AndroidGenteSaludable_BIND/Resources/android/default.png => /Development/TitaniumStudio/AndroidGenteSaludable_BIND/build/android/bin/assets/Resources/default.png
[TRACE] COPYING CREATED FILE: /Development/TitaniumStudio/AndroidGenteSaludable_BIND/Resources/app.js => /Development/TitaniumStudio/AndroidGenteSaludable_BIND/build/android/bin/assets/Resources/app.js
[TRACE] COPYING CREATED FILE: /Development/TitaniumStudio/AndroidGenteSaludable_BIND/Resources/images/about2.png => /Development/TitaniumStudio/AndroidGenteSaludable_BIND/build/android/bin/assets/Resources/images/about2.png
[TRACE] COPYING CREATED FILE: /Development/TitaniumStudio/AndroidGenteSaludable_BIND/Resources/images/addcomment.png => /Development/TitaniumStudio/AndroidGenteSaludable_BIND/build/android/bin/assets/Resources/images/addcomment.png
[TRACE] COPYING CREATED FILE: /Development/TitaniumStudio/AndroidGenteSaludable_BIND/Resources/images/Background_01.png => /Development/TitaniumStudio/AndroidGenteSaludable_BIND/build/android/bin/assets/Resources/images/Background_01.png
[TRACE] COPYING CREATED FILE: /Development/TitaniumStudio/AndroidGenteSaludable_BIND/Resources/images/bclose.png => /Development/TitaniumStudio/AndroidGenteSaludable_BIND/build/android/bin/assets/Resources/images/bclose.png
[TRACE] COPYING CREATED FILE: /Development/TitaniumStudio/AndroidGenteSaludable_BIND/Resources/images/bhome.png => /Development/TitaniumStudio/AndroidGenteSaludable_BIND/build/android/bin/assets/Resources/images/bhome.png
[TRACE] COPYING CREATED FILE: /Development/TitaniumStudio/AndroidGenteSaludable_BIND/Resources/images/bhome2.png => /Development/TitaniumStudio/AndroidGenteSaludable_BIND/build/android/bin/assets/Resources/images/bhome2.png
[TRACE] COPYING CREATED FILE: /Development/TitaniumStudio/AndroidGenteSaludable_BIND/Resources/images/bkpat.png => /Development/TitaniumStudio/AndroidGenteSaludable_BIND/build/android/bin/assets/Resources/images/bkpat.png
[TRACE] COPYING CREATED FILE: /Development/TitaniumStudio/AndroidGenteSaludable_BIND/Resources/images/bkpat_trans.png => /Development/TitaniumStudio/AndroidGenteSaludable_BIND/build/android/bin/assets/Resources/images/bkpat_trans.png
[TRACE] COPYING CREATED FILE: /Development/TitaniumStudio/AndroidGenteSaludable_BIND/Resources/images/blog.png => /Development/TitaniumStudio/AndroidGenteSaludable_BIND/build/android/bin/assets/Resources/images/blog.png
[TRACE] COPYING CREATED FILE: /Development/TitaniumStudio/AndroidGenteSaludable_BIND/Resources/images/blog4.png => /Development/TitaniumStudio/AndroidGenteSaludable_BIND/build/android/bin/assets/Resources/images/blog4.png
[TRACE] COPYING CREATED FILE: /Development/TitaniumStudio/AndroidGenteSaludable_BIND/Resources/images/briefcase.png => /Development/TitaniumStudio/AndroidGenteSaludable_BIND/build/android/bin/assets/Resources/images/briefcase.png
[TRACE] COPYING CREATED FILE: /Development/TitaniumStudio/AndroidGenteSaludable_BIND/Resources/images/close.png => /Development/TitaniumStudio/AndroidGenteSaludable_BIND/build/android/bin/assets/Resources/images/close.png
[TRACE] COPYING CREATED FILE: /Development/TitaniumStudio/AndroidGenteSaludable_BIND/Resources/images/closeRed.png => /Development/TitaniumStudio/AndroidGenteSaludable_BIND/build/android/bin/assets/Resources/images/closeRed.png
[TRACE] COPYING CREATED FILE: /Development/TitaniumStudio/AndroidGenteSaludable_BIND/Resources/images/cloudPatterns.jpg => /Development/TitaniumStudio/AndroidGenteSaludable_BIND/build/android/bin/assets/Resources/images/cloudPatterns.jpg
[TRACE] COPYING CREATED FILE: /Development/TitaniumStudio/AndroidGenteSaludable_BIND/Resources/images/dark.png => /Development/TitaniumStudio/AndroidGenteSaludable_BIND/build/android/bin/assets/Resources/images/dark.png
[TRACE] COPYING CREATED FILE: /Development/TitaniumStudio/AndroidGenteSaludable_BIND/Resources/images/email.png => /Development/TitaniumStudio/AndroidGenteSaludable_BIND/build/android/bin/assets/Resources/images/email.png
[TRACE] COPYING CREATED FILE: /Development/TitaniumStudio/AndroidGenteSaludable_BIND/Resources/images/File_font.png => /Development/TitaniumStudio/AndroidGenteSaludable_BIND/build/android/bin/assets/Resources/images/File_font.png
[TRACE] COPYING CREATED FILE: /Development/TitaniumStudio/AndroidGenteSaludable_BIND/Resources/images/floppy_disc.png => /Development/TitaniumStudio/AndroidGenteSaludable_BIND/build/android/bin/assets/Resources/images/floppy_disc.png
[TRACE] COPYING CREATED FILE: /Development/TitaniumStudio/AndroidGenteSaludable_BIND/Resources/images/floppy_disc@2x.png => /Development/TitaniumStudio/AndroidGenteSaludable_BIND/build/android/bin/assets/Resources/images/floppy_disc@2x.png
[TRACE] COPYING CREATED FILE: /Development/TitaniumStudio/AndroidGenteSaludable_BIND/Resources/images/globe.png => /Development/TitaniumStudio/AndroidGenteSaludable_BIND/build/android/bin/assets/Resources/images/globe.png
[TRACE] COPYING CREATED FILE: /Development/TitaniumStudio/AndroidGenteSaludable_BIND/Resources/images/globe@2x.png => /Development/TitaniumStudio/AndroidGenteSaludable_BIND/build/android/bin/assets/Resources/images/globe@2x.png
[TRACE] COPYING CREATED FILE: /Development/TitaniumStudio/AndroidGenteSaludable_BIND/Resources/images/home.png => /Development/TitaniumStudio/AndroidGenteSaludable_BIND/build/android/bin/assets/Resources/images/home.png
[TRACE] COPYING CREATED FILE: /Development/TitaniumStudio/AndroidGenteSaludable_BIND/Resources/images/home2.png => /Development/TitaniumStudio/AndroidGenteSaludable_BIND/build/android/bin/assets/Resources/images/home2.png
[TRACE] COPYING CREATED FILE: /Development/TitaniumStudio/AndroidGenteSaludable_BIND/Resources/images/house.png => /Development/TitaniumStudio/AndroidGenteSaludable_BIND/build/android/bin/assets/Resources/images/house.png
[TRACE] COPYING CREATED FILE: /Development/TitaniumStudio/AndroidGenteSaludable_BIND/Resources/images/house@2x.png => /Development/TitaniumStudio/AndroidGenteSaludable_BIND/build/android/bin/assets/Resources/images/house@2x.png
[TRACE] COPYING CREATED FILE: /Development/TitaniumStudio/AndroidGenteSaludable_BIND/Resources/images/Inbox-UI.PNG => /Development/TitaniumStudio/AndroidGenteSaludable_BIND/build/android/bin/assets/Resources/images/Inbox-UI.PNG
[TRACE] COPYING CREATED FILE: /Development/TitaniumStudio/AndroidGenteSaludable_BIND/Resources/images/inbox_24.png => /Development/TitaniumStudio/AndroidGenteSaludable_BIND/build/android/bin/assets/Resources/images/inbox_24.png
[TRACE] COPYING CREATED FILE: /Development/TitaniumStudio/AndroidGenteSaludable_BIND/Resources/images/ios-linen.jpg => /Development/TitaniumStudio/AndroidGenteSaludable_BIND/build/android/bin/assets/Resources/images/ios-linen.jpg
[TRACE] COPYING CREATED FILE: /Development/TitaniumStudio/AndroidGenteSaludable_BIND/Resources/images/isRead.png => /Development/TitaniumStudio/AndroidGenteSaludable_BIND/build/android/bin/assets/Resources/images/isRead.png
[TRACE] COPYING CREATED FILE: /Development/TitaniumStudio/AndroidGenteSaludable_BIND/Resources/images/jobdescription.png => /Development/TitaniumStudio/AndroidGenteSaludable_BIND/build/android/bin/assets/Resources/images/jobdescription.png
[TRACE] COPYING CREATED FILE: /Development/TitaniumStudio/AndroidGenteSaludable_BIND/Resources/images/KS_nav_ui.png => /Development/TitaniumStudio/AndroidGenteSaludable_BIND/build/android/bin/assets/Resources/images/KS_nav_ui.png
[TRACE] COPYING CREATED FILE: /Development/TitaniumStudio/AndroidGenteSaludable_BIND/Resources/images/KS_nav_views.png => /Development/TitaniumStudio/AndroidGenteSaludable_BIND/build/android/bin/assets/Resources/images/KS_nav_views.png
[TRACE] COPYING CREATED FILE: /Development/TitaniumStudio/AndroidGenteSaludable_BIND/Resources/images/light.png => /Development/TitaniumStudio/AndroidGenteSaludable_BIND/build/android/bin/assets/Resources/images/light.png
[TRACE] COPYING CREATED FILE: /Development/TitaniumStudio/AndroidGenteSaludable_BIND/Resources/images/lightbulb.png => /Development/TitaniumStudio/AndroidGenteSaludable_BIND/build/android/bin/assets/Resources/images/lightbulb.png
[TRACE] COPYING CREATED FILE: /Development/TitaniumStudio/AndroidGenteSaludable_BIND/Resources/images/lightbulb@2x.png => /Development/TitaniumStudio/AndroidGenteSaludable_BIND/build/android/bin/assets/Resources/images/lightbulb@2x.png
[TRACE] COPYING CREATED FILE: /Development/TitaniumStudio/AndroidGenteSaludable_BIND/Resources/images/linesBluePatterns2.gif => /Development/TitaniumStudio/AndroidGenteSaludable_BIND/build/android/bin/assets/Resources/images/linesBluePatterns2.gif
[TRACE] COPYING CREATED FILE: /Development/TitaniumStudio/AndroidGenteSaludable_BIND/Resources/images/logo.png => /Development/TitaniumStudio/AndroidGenteSaludable_BIND/build/android/bin/assets/Resources/images/logo.png
[TRACE] COPYING CREATED FILE: /Development/TitaniumStudio/AndroidGenteSaludable_BIND/Resources/images/logo_jpg.jpg => /Development/TitaniumStudio/AndroidGenteSaludable_BIND/build/android/bin/assets/Resources/images/logo_jpg.jpg
[TRACE] COPYING CREATED FILE: /Development/TitaniumStudio/AndroidGenteSaludable_BIND/Resources/images/logo_jpg2.jpg => /Development/TitaniumStudio/AndroidGenteSaludable_BIND/build/android/bin/assets/Resources/images/logo_jpg2.jpg
[TRACE] COPYING CREATED FILE: /Development/TitaniumStudio/AndroidGenteSaludable_BIND/Resources/images/mostRecent.png => /Development/TitaniumStudio/AndroidGenteSaludable_BIND/build/android/bin/assets/Resources/images/mostRecent.png
[TRACE] COPYING CREATED FILE: /Development/TitaniumStudio/AndroidGenteSaludable_BIND/Resources/images/msg.png => /Development/TitaniumStudio/AndroidGenteSaludable_BIND/build/android/bin/assets/Resources/images/msg.png
[TRACE] COPYING CREATED FILE: /Development/TitaniumStudio/AndroidGenteSaludable_BIND/Resources/images/navRight.png => /Development/TitaniumStudio/AndroidGenteSaludable_BIND/build/android/bin/assets/Resources/images/navRight.png
[TRACE] COPYING CREATED FILE: /Development/TitaniumStudio/AndroidGenteSaludable_BIND/Resources/images/newitem.png => /Development/TitaniumStudio/AndroidGenteSaludable_BIND/build/android/bin/assets/Resources/images/newitem.png
[TRACE] COPYING CREATED FILE: /Development/TitaniumStudio/AndroidGenteSaludable_BIND/Resources/images/nextArrow.png => /Development/TitaniumStudio/AndroidGenteSaludable_BIND/build/android/bin/assets/Resources/images/nextArrow.png
[TRACE] COPYING CREATED FILE: /Development/TitaniumStudio/AndroidGenteSaludable_BIND/Resources/images/nextArrow2.png => /Development/TitaniumStudio/AndroidGenteSaludable_BIND/build/android/bin/assets/Resources/images/nextArrow2.png
[TRACE] COPYING CREATED FILE: /Development/TitaniumStudio/AndroidGenteSaludable_BIND/Resources/images/pdficon.png => /Development/TitaniumStudio/AndroidGenteSaludable_BIND/build/android/bin/assets/Resources/images/pdficon.png
[TRACE] COPYING CREATED FILE: /Development/TitaniumStudio/AndroidGenteSaludable_BIND/Resources/images/phone.png => /Development/TitaniumStudio/AndroidGenteSaludable_BIND/build/android/bin/assets/Resources/images/phone.png
[TRACE] COPYING CREATED FILE: /Development/TitaniumStudio/AndroidGenteSaludable_BIND/Resources/images/qprologo.png => /Development/TitaniumStudio/AndroidGenteSaludable_BIND/build/android/bin/assets/Resources/images/qprologo.png
[TRACE] COPYING CREATED FILE: /Development/TitaniumStudio/AndroidGenteSaludable_BIND/Resources/images/rightA2.png => /Development/TitaniumStudio/AndroidGenteSaludable_BIND/build/android/bin/assets/Resources/images/rightA2.png
[TRACE] COPYING CREATED FILE: /Development/TitaniumStudio/AndroidGenteSaludable_BIND/Resources/images/roundSpeechBig100.png => /Development/TitaniumStudio/AndroidGenteSaludable_BIND/build/android/bin/assets/Resources/images/roundSpeechBig100.png
[TRACE] COPYING CREATED FILE: /Development/TitaniumStudio/AndroidGenteSaludable_BIND/Resources/images/roundSpeechBig100_2.png => /Development/TitaniumStudio/AndroidGenteSaludable_BIND/build/android/bin/assets/Resources/images/roundSpeechBig100_2.png
[TRACE] COPYING CREATED FILE: /Development/TitaniumStudio/AndroidGenteSaludable_BIND/Resources/images/speech1.png => /Development/TitaniumStudio/AndroidGenteSaludable_BIND/build/android/bin/assets/Resources/images/speech1.png
[TRACE] COPYING CREATED FILE: /Development/TitaniumStudio/AndroidGenteSaludable_BIND/Resources/images/speech_bubble.png => /Development/TitaniumStudio/AndroidGenteSaludable_BIND/build/android/bin/assets/Resources/images/speech_bubble.png
[TRACE] COPYING CREATED FILE: /Development/TitaniumStudio/AndroidGenteSaludable_BIND/Resources/images/speech_bubble@2x.png => /Development/TitaniumStudio/AndroidGenteSaludable_BIND/build/android/bin/assets/Resources/images/speech_bubble@2x.png
[TRACE] COPYING CREATED FILE: /Development/TitaniumStudio/AndroidGenteSaludable_BIND/Resources/images/speechDown.png => /Development/TitaniumStudio/AndroidGenteSaludable_BIND/build/android/bin/assets/Resources/images/speechDown.png
[TRACE] COPYING CREATED FILE: /Development/TitaniumStudio/AndroidGenteSaludable_BIND/Resources/images/TriIcon.png => /Development/TitaniumStudio/AndroidGenteSaludable_BIND/build/android/bin/assets/Resources/images/TriIcon.png
[TRACE] COPYING CREATED FILE: /Development/TitaniumStudio/AndroidGenteSaludable_BIND/Resources/KS_nav_ui.png => /Development/TitaniumStudio/AndroidGenteSaludable_BIND/build/android/bin/assets/Resources/KS_nav_ui.png
[TRACE] COPYING CREATED FILE: /Development/TitaniumStudio/AndroidGenteSaludable_BIND/Resources/KS_nav_views.png => /Development/TitaniumStudio/AndroidGenteSaludable_BIND/build/android/bin/assets/Resources/KS_nav_views.png
[TRACE] COPYING CREATED FILE: /Development/TitaniumStudio/AndroidGenteSaludable_BIND/Resources/platform/android/res/layout/gistfile1.xml => /Development/TitaniumStudio/AndroidGenteSaludable_BIND/build/android/bin/assets/Resources/platform/android/res/layout/gistfile1.xml
[TRACE] COPYING CREATED FILE: /Development/TitaniumStudio/AndroidGenteSaludable_BIND/Resources/ui/common/ApplicationTabGroup.js => /Development/TitaniumStudio/AndroidGenteSaludable_BIND/build/android/bin/assets/Resources/ui/common/ApplicationTabGroup.js
[TRACE] COPYING CREATED FILE: /Development/TitaniumStudio/AndroidGenteSaludable_BIND/Resources/ui/common/DEFAULTApplicationTabGroup.js => /Development/TitaniumStudio/AndroidGenteSaludable_BIND/build/android/bin/assets/Resources/ui/common/DEFAULTApplicationTabGroup.js
[TRACE] COPYING CREATED FILE: /Development/TitaniumStudio/AndroidGenteSaludable_BIND/Resources/ui/handheld/ApplicationWindow.js => /Development/TitaniumStudio/AndroidGenteSaludable_BIND/build/android/bin/assets/Resources/ui/handheld/ApplicationWindow.js
[TRACE] COPYING CREATED FILE: /Development/TitaniumStudio/AndroidGenteSaludable_BIND/Resources/ui/handheld/DEFAULTApplicationWindow.js => /Development/TitaniumStudio/AndroidGenteSaludable_BIND/build/android/bin/assets/Resources/ui/handheld/DEFAULTApplicationWindow.js
[TRACE] COPYING CREATED FILE: /Development/TitaniumStudio/AndroidGenteSaludable_BIND/Resources/ui/handheld/exam.js => /Development/TitaniumStudio/AndroidGenteSaludable_BIND/build/android/bin/assets/Resources/ui/handheld/exam.js
[TRACE] COPYING CREATED FILE: /Development/TitaniumStudio/AndroidGenteSaludable_BIND/Resources/ui/handheld/jsonCategories.js => /Development/TitaniumStudio/AndroidGenteSaludable_BIND/build/android/bin/assets/Resources/ui/handheld/jsonCategories.js
[TRACE] COPYING CREATED FILE: /Development/TitaniumStudio/AndroidGenteSaludable_BIND/Resources/ui/handheld/webcontent.js => /Development/TitaniumStudio/AndroidGenteSaludable_BIND/build/android/bin/assets/Resources/ui/handheld/webcontent.js
[TRACE] Generating Java Classes
[DEBUG] Processing Android resource drawables
[DEBUG] app stylesheet => /Development/TitaniumStudio/AndroidGenteSaludable_BIND/build/android/gen/org/qipro/android/ApplicationStylesheet.java
[DEBUG] copying app icon: /Development/TitaniumStudio/AndroidGenteSaludable_BIND/build/android/bin/assets/Resources/appicon.png
[DEBUG] generating theme.xml
[DEBUG] found drawable-long-land-hdpi splash screen at /Development/TitaniumStudio/AndroidGenteSaludable_BIND/Resources/android/images/res-long-land-hdpi/default.png
[DEBUG] copying /Development/TitaniumStudio/AndroidGenteSaludable_BIND/Resources/android/images/res-long-land-hdpi/default.png splash screen to /Development/TitaniumStudio/AndroidGenteSaludable_BIND/build/android/res/drawable-long-land-hdpi/background.png
[DEBUG] found drawable-long-land-ldpi splash screen at /Development/TitaniumStudio/AndroidGenteSaludable_BIND/Resources/android/images/res-long-land-ldpi/default.png
[DEBUG] copying /Development/TitaniumStudio/AndroidGenteSaludable_BIND/Resources/android/images/res-long-land-ldpi/default.png splash screen to /Development/TitaniumStudio/AndroidGenteSaludable_BIND/build/android/res/drawable-long-land-ldpi/background.png
[DEBUG] found drawable-long-port-hdpi splash screen at /Development/TitaniumStudio/AndroidGenteSaludable_BIND/Resources/android/images/res-long-port-hdpi/default.png
[DEBUG] copying /Development/TitaniumStudio/AndroidGenteSaludable_BIND/Resources/android/images/res-long-port-hdpi/default.png splash screen to /Development/TitaniumStudio/AndroidGenteSaludable_BIND/build/android/res/drawable-long-port-hdpi/background.png
[DEBUG] found drawable-long-port-ldpi splash screen at /Development/TitaniumStudio/AndroidGenteSaludable_BIND/Resources/android/images/res-long-port-ldpi/default.png
[DEBUG] copying /Development/TitaniumStudio/AndroidGenteSaludable_BIND/Resources/android/images/res-long-port-ldpi/default.png splash screen to /Development/TitaniumStudio/AndroidGenteSaludable_BIND/build/android/res/drawable-long-port-ldpi/background.png
[DEBUG] found drawable-notlong-land-hdpi splash screen at /Development/TitaniumStudio/AndroidGenteSaludable_BIND/Resources/android/images/res-notlong-land-hdpi/default.png
[DEBUG] copying /Development/TitaniumStudio/AndroidGenteSaludable_BIND/Resources/android/images/res-notlong-land-hdpi/default.png splash screen to /Development/TitaniumStudio/AndroidGenteSaludable_BIND/build/android/res/drawable-notlong-land-hdpi/background.png
[DEBUG] found drawable-notlong-land-ldpi splash screen at /Development/TitaniumStudio/AndroidGenteSaludable_BIND/Resources/android/images/res-notlong-land-ldpi/default.png
[DEBUG] copying /Development/TitaniumStudio/AndroidGenteSaludable_BIND/Resources/android/images/res-notlong-land-ldpi/default.png splash screen to /Development/TitaniumStudio/AndroidGenteSaludable_BIND/build/android/res/drawable-notlong-land-ldpi/background.png
[DEBUG] found drawable-notlong-land-mdpi splash screen at /Development/TitaniumStudio/AndroidGenteSaludable_BIND/Resources/android/images/res-notlong-land-mdpi/default.png
[DEBUG] copying /Development/TitaniumStudio/AndroidGenteSaludable_BIND/Resources/android/images/res-notlong-land-mdpi/default.png splash screen to /Development/TitaniumStudio/AndroidGenteSaludable_BIND/build/android/res/drawable-notlong-land-mdpi/background.png
[DEBUG] found drawable-notlong-port-hdpi splash screen at /Development/TitaniumStudio/AndroidGenteSaludable_BIND/Resources/android/images/res-notlong-port-hdpi/default.png
[DEBUG] copying /Development/TitaniumStudio/AndroidGenteSaludable_BIND/Resources/android/images/res-notlong-port-hdpi/default.png splash screen to /Development/TitaniumStudio/AndroidGenteSaludable_BIND/build/android/res/drawable-notlong-port-hdpi/background.png
[DEBUG] found drawable-notlong-port-ldpi splash screen at /Development/TitaniumStudio/AndroidGenteSaludable_BIND/Resources/android/images/res-notlong-port-ldpi/default.png
[DEBUG] copying /Development/TitaniumStudio/AndroidGenteSaludable_BIND/Resources/android/images/res-notlong-port-ldpi/default.png splash screen to /Development/TitaniumStudio/AndroidGenteSaludable_BIND/build/android/res/drawable-notlong-port-ldpi/background.png
[DEBUG] found drawable-notlong-port-mdpi splash screen at /Development/TitaniumStudio/AndroidGenteSaludable_BIND/Resources/android/images/res-notlong-port-mdpi/default.png
[DEBUG] copying /Development/TitaniumStudio/AndroidGenteSaludable_BIND/Resources/android/images/res-notlong-port-mdpi/default.png splash screen to /Development/TitaniumStudio/AndroidGenteSaludable_BIND/build/android/res/drawable-notlong-port-mdpi/background.png
[DEBUG] found splash screen at /Development/TitaniumStudio/AndroidGenteSaludable_BIND/build/android/bin/assets/Resources/default.png
[TRACE] Writing out AndroidManifest.xml
[DEBUG] adding /Development/TitaniumStudio/AndroidGenteSaludable_BIND/build/android/gen/org/qipro/android/ApplicationStylesheet.java to javac build list
[DEBUG] adding /Development/TitaniumStudio/AndroidGenteSaludable_BIND/build/android/gen/org/qipro/android/QiproblogandroidActivity.java to javac build list
[DEBUG] adding /Development/TitaniumStudio/AndroidGenteSaludable_BIND/build/android/gen/org/qipro/android/QiproblogandroidAppInfo.java to javac build list
[DEBUG] adding /Development/TitaniumStudio/AndroidGenteSaludable_BIND/build/android/gen/org/qipro/android/QiproblogandroidApplication.java to javac build list
[DEBUG] adding /Development/TitaniumStudio/AndroidGenteSaludable_BIND/build/android/gen/org/qipro/android/R.java to javac build list
[DEBUG] Building Java Sources: "/Development/TitaniumStudio/AndroidGenteSaludable_BIND/build/android/gen/org/qipro/android/ApplicationStylesheet.java" "/Development/TitaniumStudio/AndroidGenteSaludable_BIND/build/android/gen/org/qipro/android/QiproblogandroidActivity.java" "/Development/TitaniumStudio/AndroidGenteSaludable_BIND/build/android/gen/org/qipro/android/QiproblogandroidAppInfo.java" "/Development/TitaniumStudio/AndroidGenteSaludable_BIND/build/android/gen/org/qipro/android/QiproblogandroidApplication.java" "/Development/TitaniumStudio/AndroidGenteSaludable_BIND/build/android/gen/org/qipro/android/R.java"
[INFO] Waiting for SDCard to become available..
[INFO] Compiling Android Resources... This could take some time
[DEBUG] Android classes.dex built
[DEBUG] creating unsigned apk: /Development/TitaniumStudio/AndroidGenteSaludable_BIND/build/android/bin/app-unsigned.apk
[DEBUG] from resource zip => assets/Resources/images/Background_01.png
[DEBUG] from resource zip => assets/Resources/images/File_font.png
[DEBUG] from resource zip => assets/Resources/images/Inbox-UI.PNG
[DEBUG] from resource zip => assets/Resources/images/KS_nav_ui.png
[DEBUG] from resource zip => assets/Resources/images/KS_nav_views.png
[DEBUG] from resource zip => assets/Resources/images/TriIcon.png
[DEBUG] from resource zip => assets/Resources/images/about2.png
[DEBUG] from resource zip => assets/Resources/images/addcomment.png
[DEBUG] from resource zip => assets/Resources/images/bclose.png
[DEBUG] from resource zip => assets/Resources/images/bhome.png
[DEBUG] from resource zip => assets/Resources/images/bhome2.png
[DEBUG] from resource zip => assets/Resources/images/bkpat.png
[DEBUG] from resource zip => assets/Resources/images/bkpat_trans.png
[DEBUG] from resource zip => assets/Resources/images/blog.png
[DEBUG] from resource zip => assets/Resources/images/blog4.png
[DEBUG] from resource zip => assets/Resources/images/briefcase.png
[DEBUG] from resource zip => assets/Resources/images/close.png
[DEBUG] from resource zip => assets/Resources/images/closeRed.png
[DEBUG] from resource zip => assets/Resources/images/cloudPatterns.jpg
[DEBUG] from resource zip => assets/Resources/images/dark.png
[DEBUG] from resource zip => assets/Resources/images/email.png
[DEBUG] from resource zip => assets/Resources/images/floppy_disc.png
[DEBUG] from resource zip => assets/Resources/images/floppy_disc@2x.png
[DEBUG] from resource zip => assets/Resources/images/globe.png
[DEBUG] from resource zip => assets/Resources/images/globe@2x.png
[DEBUG] from resource zip => assets/Resources/images/home.png
[DEBUG] from resource zip => assets/Resources/images/home2.png
[DEBUG] from resource zip => assets/Resources/images/house.png
[DEBUG] from resource zip => assets/Resources/images/house@2x.png
[DEBUG] from resource zip => assets/Resources/images/inbox_24.png
[DEBUG] from resource zip => assets/Resources/images/ios-linen.jpg
[DEBUG] from resource zip => assets/Resources/images/isRead.png
[DEBUG] from resource zip => assets/Resources/images/jobdescription.png
[DEBUG] from resource zip => assets/Resources/images/light.png
[DEBUG] from resource zip => assets/Resources/images/lightbulb.png
[DEBUG] from resource zip => assets/Resources/images/lightbulb@2x.png
[DEBUG] from resource zip => assets/Resources/images/linesBluePatterns2.gif
[DEBUG] from resource zip => assets/Resources/images/logo.png
[DEBUG] from resource zip => assets/Resources/images/logo_jpg.jpg
[DEBUG] from resource zip => assets/Resources/images/logo_jpg2.jpg
[DEBUG] from resource zip => assets/Resources/images/mostRecent.png
[DEBUG] from resource zip => assets/Resources/images/msg.png
[DEBUG] from resource zip => assets/Resources/images/navRight.png
[DEBUG] from resource zip => assets/Resources/images/newitem.png
[DEBUG] from resource zip => assets/Resources/images/nextArrow.png
[DEBUG] from resource zip => assets/Resources/images/nextArrow2.png
[DEBUG] from resource zip => assets/Resources/images/pdficon.png
[DEBUG] from resource zip => assets/Resources/images/phone.png
[DEBUG] from resource zip => assets/Resources/images/qprologo.png
[DEBUG] from resource zip => assets/Resources/images/rightA2.png
[DEBUG] from resource zip => assets/Resources/images/roundSpeechBig100.png
[DEBUG] from resource zip => assets/Resources/images/roundSpeechBig100_2.png
[DEBUG] from resource zip => assets/Resources/images/speech1.png
[DEBUG] from resource zip => assets/Resources/images/speechDown.png
[DEBUG] from resource zip => assets/Resources/images/speech_bubble.png
[DEBUG] from resource zip => assets/Resources/images/speech_bubble@2x.png
[DEBUG] from resource zip => assets/Resources/platform/android/res/layout/gistfile1.xml
[DEBUG] from resource zip => assets/Resources/ui/common/ApplicationTabGroup.js
[DEBUG] from resource zip => assets/Resources/ui/common/DEFAULTApplicationTabGroup.js
[DEBUG] from resource zip => assets/Resources/ui/handheld/ApplicationWindow.js
[DEBUG] from resource zip => assets/Resources/ui/handheld/DEFAULTApplicationWindow.js
[DEBUG] from resource zip => assets/Resources/ui/handheld/exam.js
[DEBUG] from resource zip => assets/Resources/ui/handheld/jsonCategories.js
[DEBUG] from resource zip => assets/Resources/ui/handheld/webcontent.js
[DEBUG] from resource zip => assets/Resources/KS_nav_ui.png
[DEBUG] from resource zip => assets/Resources/KS_nav_views.png
[DEBUG] from resource zip => assets/Resources/app.js
[DEBUG] from resource zip => assets/Resources/appicon.png
[DEBUG] from resource zip => assets/Resources/default.png
[DEBUG] from resource zip => assets/Resources/ti.cloud.js
[DEBUG] from resource zip => assets/app.json
[DEBUG] from resource zip => assets/index.json
[DEBUG] from resource zip => assets/tiapp.xml
[DEBUG] from resource zip => res/drawable/appicon.png
[DEBUG] from resource zip => res/drawable/background.png
[DEBUG] from resource zip => res/drawable/close.png
[DEBUG] from resource zip => res/drawable/facebook_login.png
[DEBUG] from resource zip => res/drawable/facebook_login_down.png
[DEBUG] from resource zip => res/drawable/facebook_login_wide.png
[DEBUG] from resource zip => res/drawable/facebook_login_wide_down.png
[DEBUG] from resource zip => res/drawable/facebook_logout.png
[DEBUG] from resource zip => res/drawable/facebook_logout_down.png
[DEBUG] from resource zip => res/layout/titanium_tabgroup.xml
[DEBUG] from resource zip => AndroidManifest.xml
[DEBUG] from resource zip => resources.arsc
[DEBUG] from resource zip => res/drawable-hdpi/close.png
[DEBUG] from resource zip => res/drawable-ldpi/close.png
[DEBUG] from resource zip => res/drawable-long-land-hdpi/background.png
[DEBUG] from resource zip => res/drawable-long-land-ldpi/background.png
[DEBUG] from resource zip => res/drawable-long-port-hdpi/background.png
[DEBUG] from resource zip => res/drawable-long-port-ldpi/background.png
[DEBUG] from resource zip => res/drawable-notlong-land-hdpi/background.png
[DEBUG] from resource zip => res/drawable-notlong-land-ldpi/background.png
[DEBUG] from resource zip => res/drawable-notlong-land-mdpi/background.png
[DEBUG] from resource zip => res/drawable-notlong-port-hdpi/background.png
[DEBUG] from resource zip => res/drawable-notlong-port-ldpi/background.png
[DEBUG] from resource zip => res/drawable-notlong-port-mdpi/background.png
[DEBUG] from JAR /Users/pollo/Library/Application Support/Titanium/mobilesdk/osx/2.1.2.GA/android/titanium.jar => org/appcelerator/titanium/build.properties
[DEBUG] from JAR /Users/pollo/Library/Application Support/Titanium/mobilesdk/osx/2.1.2.GA/android/titanium.jar => org/appcelerator/titanium/res/drawable/background.png
[DEBUG] from JAR /Users/pollo/Library/Application Support/Titanium/mobilesdk/osx/2.1.2.GA/android/titanium.jar => org/appcelerator/titanium/res/drawable/btn_check_buttonless_on.png
[DEBUG] from JAR /Users/pollo/Library/Application Support/Titanium/mobilesdk/osx/2.1.2.GA/android/titanium.jar => org/appcelerator/titanium/res/drawable/btn_check_buttonless_on_18.png
[DEBUG] from JAR /Users/pollo/Library/Application Support/Titanium/mobilesdk/osx/2.1.2.GA/android/titanium.jar => org/appcelerator/titanium/res/drawable/btn_check_buttonless_on_48.png
[DEBUG] from JAR /Users/pollo/Library/Application Support/Titanium/mobilesdk/osx/2.1.2.GA/android/titanium.jar => org/appcelerator/titanium/res/drawable/btn_more.png
[DEBUG] from JAR /Users/pollo/Library/Application Support/Titanium/mobilesdk/osx/2.1.2.GA/android/titanium.jar => org/appcelerator/titanium/res/drawable/btn_more_18.png
[DEBUG] from JAR /Users/pollo/Library/Application Support/Titanium/mobilesdk/osx/2.1.2.GA/android/titanium.jar => org/appcelerator/titanium/res/drawable/btn_more_48.png
[DEBUG] from JAR /Users/pollo/Library/Application Support/Titanium/mobilesdk/osx/2.1.2.GA/android/titanium.jar => org/appcelerator/titanium/res/drawable/btn_picker_normal.9.png
[DEBUG] from JAR /Users/pollo/Library/Application Support/Titanium/mobilesdk/osx/2.1.2.GA/android/titanium.jar => org/appcelerator/titanium/res/drawable/btn_picker_pressed.9.png
[DEBUG] from JAR /Users/pollo/Library/Application Support/Titanium/mobilesdk/osx/2.1.2.GA/android/titanium.jar => org/appcelerator/titanium/res/drawable/btn_picker_selected.9.png
[DEBUG] from JAR /Users/pollo/Library/Application Support/Titanium/mobilesdk/osx/2.1.2.GA/android/titanium.jar => org/appcelerator/titanium/res/drawable/default_icon.png
[DEBUG] from JAR /Users/pollo/Library/Application Support/Titanium/mobilesdk/osx/2.1.2.GA/android/titanium.jar => org/appcelerator/titanium/res/drawable/photoDefault.png
[DEBUG] from JAR /Users/pollo/Library/Application Support/Titanium/mobilesdk/osx/2.1.2.GA/android/modules/titanium-facebook.jar => ti/modules/titanium/facebook/LICENSE
[DEBUG] from JAR /Users/pollo/Library/Application Support/Titanium/mobilesdk/osx/2.1.2.GA/android/thirdparty.jar => org/apache/Commons-NOTICE.txt
[DEBUG] from JAR /Users/pollo/Library/Application Support/Titanium/mobilesdk/osx/2.1.2.GA/android/thirdparty.jar => org/apache/HttpComponents-NOTICE.txt
[DEBUG] from JAR /Users/pollo/Library/Application Support/Titanium/mobilesdk/osx/2.1.2.GA/android/thirdparty.jar => org/apache/mime4j-NOTICE.txt
[DEBUG] from JAR /Users/pollo/Library/Application Support/Titanium/mobilesdk/osx/2.1.2.GA/android/modules/titanium-ui.jar => ti/modules/titanium/ui/widget/webview/binding.js
[DEBUG] from JAR /Users/pollo/Library/Application Support/Titanium/mobilesdk/osx/2.1.2.GA/android/modules/titanium-ui.jar => ti/modules/titanium/ui/widget/webview/binding.min.js
[DEBUG] from JAR /Users/pollo/Library/Application Support/Titanium/mobilesdk/osx/2.1.2.GA/android/modules/titanium-ui.jar => ti/modules/titanium/ui/widget/webview/json2.js
[DEBUG] from JAR /Users/pollo/Library/Application Support/Titanium/mobilesdk/osx/2.1.2.GA/android/modules/titanium-ui.jar => ti/modules/titanium/ui/widget/webview/polling.js
[DEBUG] from JAR /Users/pollo/Library/Application Support/Titanium/mobilesdk/osx/2.1.2.GA/android/modules/titanium-ui.jar => ti/modules/titanium/ui/widget/webview/polling.min.js
[DEBUG] installing native SDK libs
[DEBUG] Waiting for device to be ready ...
[TRACE] adb devices returned 2 devices/emulators
[DEBUG] Device connected... (waited 0 seconds)
[DEBUG] waited 0.047666 seconds on emulator to get ready
[INFO] Installing application on emulator
[INFO] Launching application ... QiproBlogAndroid
[TRACE] Launch output: Starting: Intent { act=android.intent.action.MAIN cat=[android.intent.category.LAUNCHER] flg=0x10200000 cmp=org.qipro.android/.QiproblogandroidActivity }

[INFO] Deployed QiproBlogAndroid ... Application should be running.
